[0.006s] Invoking command in '/home/sarris/ros2_myproject/build/my_package': CMAKE_PREFIX_PATH=/opt/ros/humble /usr/bin/cmake /home/sarris/ros2_myproject/my_package -DCMAKE_INSTALL_PREFIX=/home/sarris/ros2_myproject/install/my_package
[0.018s] -- Found ament_cmake: 1.3.12 (/opt/ros/humble/share/ament_cmake/cmake)
[0.123s] -- Found rclcpp: 16.0.17 (/opt/ros/humble/share/rclcpp/cmake)
[0.142s] -- Found rosidl_generator_c: 3.1.8 (/opt/ros/humble/share/rosidl_generator_c/cmake)
[0.143s] -- Found rosidl_adapter: 3.1.8 (/opt/ros/humble/share/rosidl_adapter/cmake)
[0.147s] -- Found rosidl_generator_cpp: 3.1.8 (/opt/ros/humble/share/rosidl_generator_cpp/cmake)
[0.153s] -- Using all available rosidl_typesupport_c: rosidl_typesupport_fastrtps_c;rosidl_typesupport_introspection_c
[0.161s] -- Using all available rosidl_typesupport_cpp: rosidl_typesupport_fastrtps_cpp;rosidl_typesupport_introspection_cpp
[0.181s] -- Found rmw_implementation_cmake: 6.1.2 (/opt/ros/humble/share/rmw_implementation_cmake/cmake)
[0.182s] -- Found rmw_fastrtps_cpp: 6.2.9 (/opt/ros/humble/share/rmw_fastrtps_cpp/cmake)
[0.260s] -- Using RMW implementation 'rmw_fastrtps_cpp' as default
[0.291s] -- Found pluginlib: 5.1.3 (/opt/ros/humble/share/pluginlib/cmake)
[0.301s] [31mCMake Error at CMakeLists.txt:35 (add_executable):
[0.301s]   add_executable cannot create target "points_node" because another target
[0.301s]   with the same name already exists.  The existing target is an executable
[0.301s]   created in source directory "/home/sarris/ros2_myproject/my_package".  See
[0.301s]   documentation for policy CMP0002 for more details.
[0.301s] 
[0.301s] [0m
[0.344s] -- Configuring incomplete, errors occurred!
[0.344s] See also "/home/sarris/ros2_myproject/build/my_package/CMakeFiles/CMakeOutput.log".
[0.350s] Invoked command in '/home/sarris/ros2_myproject/build/my_package' returned '1': CMAKE_PREFIX_PATH=/opt/ros/humble /usr/bin/cmake /home/sarris/ros2_myproject/my_package -DCMAKE_INSTALL_PREFIX=/home/sarris/ros2_myproject/install/my_package
