[0.008s] Invoking command in '/home/sarris/ros2_myproject/build/my_package': CMAKE_PREFIX_PATH=/opt/ros/humble /usr/bin/cmake /home/sarris/ros2_myproject/my_package -DCMAKE_INSTALL_PREFIX=/home/sarris/ros2_myproject/install/my_package
[0.179s] -- The C compiler identification is GNU 11.4.0
[0.285s] -- The CXX compiler identification is GNU 11.4.0
[0.292s] -- Detecting C compiler ABI info
[0.368s] -- Detecting C compiler ABI info - done
[0.372s] -- Check for working C compiler: /usr/bin/cc - skipped
[0.373s] -- Detecting C compile features
[0.374s] -- Detecting C compile features - done
[0.376s] -- Detecting CXX compiler ABI info
[0.479s] -- Detecting CXX compiler ABI info - done
[0.485s] -- Check for working CXX compiler: /usr/bin/c++ - skipped
[0.485s] -- Detecting CXX compile features
[0.486s] -- Detecting CXX compile features - done
[0.489s] -- Found ament_cmake: 1.3.12 (/opt/ros/humble/share/ament_cmake/cmake)
[0.617s] -- Found Python3: /usr/bin/python3 (found version "3.10.12") found components: Interpreter 
[0.693s] -- Found rclcpp: 16.0.17 (/opt/ros/humble/share/rclcpp/cmake)
[0.731s] -- Found rosidl_generator_c: 3.1.8 (/opt/ros/humble/share/rosidl_generator_c/cmake)
[0.734s] -- Found rosidl_adapter: 3.1.8 (/opt/ros/humble/share/rosidl_adapter/cmake)
[0.741s] -- Found rosidl_generator_cpp: 3.1.8 (/opt/ros/humble/share/rosidl_generator_cpp/cmake)
[0.750s] -- Using all available rosidl_typesupport_c: rosidl_typesupport_fastrtps_c;rosidl_typesupport_introspection_c
[0.762s] -- Using all available rosidl_typesupport_cpp: rosidl_typesupport_fastrtps_cpp;rosidl_typesupport_introspection_cpp
[0.793s] -- Found rmw_implementation_cmake: 6.1.2 (/opt/ros/humble/share/rmw_implementation_cmake/cmake)
[0.795s] -- Found rmw_fastrtps_cpp: 6.2.9 (/opt/ros/humble/share/rmw_fastrtps_cpp/cmake)
[0.945s] -- Found OpenSSL: /usr/lib/x86_64-linux-gnu/libcrypto.so (found version "3.0.2")  
[0.974s] -- Found FastRTPS: /opt/ros/humble/include  
[1.018s] -- Using RMW implementation 'rmw_fastrtps_cpp' as default
[1.027s] -- Looking for pthread.h
[1.135s] -- Looking for pthread.h - found
[1.135s] -- Performing Test CMAKE_HAVE_LIBC_PTHREAD
[1.270s] -- Performing Test CMAKE_HAVE_LIBC_PTHREAD - Success
[1.271s] -- Found Threads: TRUE  
[1.326s] -- Found pluginlib: 5.1.3 (/opt/ros/humble/share/pluginlib/cmake)
[1.391s] -- Configuring done
[1.393s] [31mCMake Error at CMakeLists.txt:20 (add_library):
[1.393s]   Cannot find source file:
[1.393s] 
[1.393s]     src/point_2d.cpp
[1.393s] 
[1.393s]   Tried extensions .c .C .c++ .cc .cpp .cxx .cu .mpp .m .M .mm .ixx .cppm .h
[1.393s]   .hh .h++ .hm .hpp .hxx .in .txx .f .F .for .f77 .f90 .f95 .f03 .hip .ispc
[1.393s] 
[1.393s] [0m
[1.393s] [31mCMake Error at CMakeLists.txt:33 (add_executable):
[1.393s]   Cannot find source file:
[1.393s] 
[1.393s]     src/points_node.cpp
[1.393s] 
[1.393s]   Tried extensions .c .C .c++ .cc .cpp .cxx .cu .mpp .m .M .mm .ixx .cppm .h
[1.393s]   .hh .h++ .hm .hpp .hxx .in .txx .f .F .for .f77 .f90 .f95 .f03 .hip .ispc
[1.393s] 
[1.393s] [0m
[1.393s] [31mCMake Error at CMakeLists.txt:20 (add_library):
[1.393s]   No SOURCES given to target: point_plugins_lib
[1.393s] 
[1.393s] [0m
[1.394s] [31mCMake Error at CMakeLists.txt:33 (add_executable):
[1.394s]   No SOURCES given to target: points_node
[1.394s] 
[1.394s] [0m
[1.394s] [0mCMake Generate step failed.  Build files cannot be regenerated correctly.[0m
[1.399s] Invoked command in '/home/sarris/ros2_myproject/build/my_package' returned '1': CMAKE_PREFIX_PATH=/opt/ros/humble /usr/bin/cmake /home/sarris/ros2_myproject/my_package -DCMAKE_INSTALL_PREFIX=/home/sarris/ros2_myproject/install/my_package
