[35m[1mConsolidate compiler generated dependencies of target point_plugins_lib[0m
[ 40%] Built target points_node
[ 60%] [32mBuilding CXX object CMakeFiles/point_plugins_lib.dir/src/Point2D.cpp.o[0m
[ 80%] [32m[1mLinking CXX shared library libpoint_plugins_lib.so[0m
[100%] Built target point_plugins_lib
-- Install configuration: ""
-- Installing: /home/sarris/ros2_myproject/install/my_package/lib/my_package/points_node
-- Set runtime path of "/home/sarris/ros2_myproject/install/my_package/lib/my_package/points_node" to ""
-- Installing: /home/sarris/ros2_myproject/install/my_package/lib/my_package/libpoint_plugins_lib.so
-- Set runtime path of "/home/sarris/ros2_myproject/install/my_package/lib/my_package/libpoint_plugins_lib.so" to ""
-- Installing: /home/sarris/ros2_myproject/install/my_package/include
-- Installing: /home/sarris/ros2_myproject/install/my_package/include/Geometry
-- Installing: /home/sarris/ros2_myproject/install/my_package/include/Geometry/Point.hpp
-- Installing: /home/sarris/ros2_myproject/install/my_package/share/my_package/plugins.xml
-- Installing: /home/sarris/ros2_myproject/install/my_package/share/my_package/environment/library_path.sh
-- Installing: /home/sarris/ros2_myproject/install/my_package/share/my_package/environment/library_path.dsv
-- Installing: /home/sarris/ros2_myproject/install/my_package/share/ament_index/resource_index/package_run_dependencies/my_package
-- Installing: /home/sarris/ros2_myproject/install/my_package/share/ament_index/resource_index/parent_prefix_path/my_package
-- Installing: /home/sarris/ros2_myproject/install/my_package/share/my_package/environment/ament_prefix_path.sh
-- Installing: /home/sarris/ros2_myproject/install/my_package/share/my_package/environment/ament_prefix_path.dsv
-- Installing: /home/sarris/ros2_myproject/install/my_package/share/my_package/environment/path.sh
-- Installing: /home/sarris/ros2_myproject/install/my_package/share/my_package/environment/path.dsv
-- Installing: /home/sarris/ros2_myproject/install/my_package/share/my_package/local_setup.bash
-- Installing: /home/sarris/ros2_myproject/install/my_package/share/my_package/local_setup.sh
-- Installing: /home/sarris/ros2_myproject/install/my_package/share/my_package/local_setup.zsh
-- Installing: /home/sarris/ros2_myproject/install/my_package/share/my_package/local_setup.dsv
-- Installing: /home/sarris/ros2_myproject/install/my_package/share/my_package/package.dsv
-- Installing: /home/sarris/ros2_myproject/install/my_package/share/ament_index/resource_index/packages/my_package
-- Installing: /home/sarris/ros2_myproject/install/my_package/share/my_package/cmake/ament_cmake_export_libraries-extras.cmake
-- Installing: /home/sarris/ros2_myproject/install/my_package/share/my_package/cmake/ament_cmake_export_dependencies-extras.cmake
-- Installing: /home/sarris/ros2_myproject/install/my_package/share/my_package/cmake/my_packageConfig.cmake
-- Installing: /home/sarris/ros2_myproject/install/my_package/share/my_package/cmake/my_packageConfig-version.cmake
-- Installing: /home/sarris/ros2_myproject/install/my_package/share/my_package/package.xml
