[0.008s] Invoking command in '/home/sarris/ros2_myproject/build/my_package': CMAKE_PREFIX_PATH=/opt/ros/humble /usr/bin/cmake /home/sarris/ros2_myproject/my_package -DCMAKE_INSTALL_PREFIX=/home/sarris/ros2_myproject/install/my_package
[0.017s] -- Found ament_cmake: 1.3.12 (/opt/ros/humble/share/ament_cmake/cmake)
[0.108s] -- Found rclcpp: 16.0.17 (/opt/ros/humble/share/rclcpp/cmake)
[0.130s] -- Found rosidl_generator_c: 3.1.8 (/opt/ros/humble/share/rosidl_generator_c/cmake)
[0.131s] -- Found rosidl_adapter: 3.1.8 (/opt/ros/humble/share/rosidl_adapter/cmake)
[0.135s] -- Found rosidl_generator_cpp: 3.1.8 (/opt/ros/humble/share/rosidl_generator_cpp/cmake)
[0.141s] -- Using all available rosidl_typesupport_c: rosidl_typesupport_fastrtps_c;rosidl_typesupport_introspection_c
[0.149s] -- Using all available rosidl_typesupport_cpp: rosidl_typesupport_fastrtps_cpp;rosidl_typesupport_introspection_cpp
[0.169s] -- Found rmw_implementation_cmake: 6.1.2 (/opt/ros/humble/share/rmw_implementation_cmake/cmake)
[0.170s] -- Found rmw_fastrtps_cpp: 6.2.9 (/opt/ros/humble/share/rmw_fastrtps_cpp/cmake)
[0.248s] -- Using RMW implementation 'rmw_fastrtps_cpp' as default
[0.280s] -- Found pluginlib: 5.1.3 (/opt/ros/humble/share/pluginlib/cmake)
[0.332s] -- Configuring done
[0.334s] [31mCMake Error at CMakeLists.txt:34 (add_executable):
[0.334s]   Cannot find source file:
[0.334s] 
[0.334s]     src/points_node.cpp
[0.334s] 
[0.334s]   Tried extensions .c .C .c++ .cc .cpp .cxx .cu .mpp .m .M .mm .ixx .cppm .h
[0.334s]   .hh .h++ .hm .hpp .hxx .in .txx .f .F .for .f77 .f90 .f95 .f03 .hip .ispc
[0.334s] 
[0.334s] [0m
[0.334s] [31mCMake Error at CMakeLists.txt:34 (add_executable):
[0.334s]   No SOURCES given to target: points_node
[0.335s] 
[0.335s] [0m
[0.335s] [0mCMake Generate step failed.  Build files cannot be regenerated correctly.[0m
[0.339s] Invoked command in '/home/sarris/ros2_myproject/build/my_package' returned '1': CMAKE_PREFIX_PATH=/opt/ros/humble /usr/bin/cmake /home/sarris/ros2_myproject/my_package -DCMAKE_INSTALL_PREFIX=/home/sarris/ros2_myproject/install/my_package
