[0.009s] Invoking command in '/home/sarris/ros2_myproject/build/my_package': CMAKE_PREFIX_PATH=/opt/ros/humble /usr/bin/cmake --build /home/sarris/ros2_myproject/build/my_package -- -j12 -l12
[0.069s] [35m[1mConsolidate compiler generated dependencies of target point_plugins_lib[0m
[0.093s] [ 40%] Built target points_node
[0.093s] [ 60%] [32mBuilding CXX object CMakeFiles/point_plugins_lib.dir/src/Point2D.cpp.o[0m
[0.513s] [ 80%] [32m[1mLinking CXX shared library libpoint_plugins_lib.so[0m
[0.598s] [100%] Built target point_plugins_lib
[0.606s] Invoked command in '/home/sarris/ros2_myproject/build/my_package' returned '0': CMAKE_PREFIX_PATH=/opt/ros/humble /usr/bin/cmake --build /home/sarris/ros2_myproject/build/my_package -- -j12 -l12
[0.622s] Invoking command in '/home/sarris/ros2_myproject/build/my_package': CMAKE_PREFIX_PATH=/opt/ros/humble /usr/bin/cmake --install /home/sarris/ros2_myproject/build/my_package
[0.633s] -- Install configuration: ""
[0.634s] -- Up-to-date: /home/sarris/ros2_myproject/install/my_package/lib/my_package/points_node
[0.634s] -- Installing: /home/sarris/ros2_myproject/install/my_package/lib/my_package/libpoint_plugins_lib.so
[0.635s] -- Set runtime path of "/home/sarris/ros2_myproject/install/my_package/lib/my_package/libpoint_plugins_lib.so" to ""
[0.635s] -- Up-to-date: /home/sarris/ros2_myproject/install/my_package/include
[0.635s] -- Up-to-date: /home/sarris/ros2_myproject/install/my_package/include/Geometry
[0.635s] -- Up-to-date: /home/sarris/ros2_myproject/install/my_package/include/Geometry/Point.hpp
[0.635s] -- Up-to-date: /home/sarris/ros2_myproject/install/my_package/share/my_package/plugins.xml
[0.635s] -- Up-to-date: /home/sarris/ros2_myproject/install/my_package/share/my_package/environment/library_path.sh
[0.635s] -- Up-to-date: /home/sarris/ros2_myproject/install/my_package/share/my_package/environment/library_path.dsv
[0.635s] -- Up-to-date: /home/sarris/ros2_myproject/install/my_package/share/ament_index/resource_index/package_run_dependencies/my_package
[0.635s] -- Up-to-date: /home/sarris/ros2_myproject/install/my_package/share/ament_index/resource_index/parent_prefix_path/my_package
[0.636s] -- Up-to-date: /home/sarris/ros2_myproject/install/my_package/share/my_package/environment/ament_prefix_path.sh
[0.636s] -- Up-to-date: /home/sarris/ros2_myproject/install/my_package/share/my_package/environment/ament_prefix_path.dsv
[0.636s] -- Up-to-date: /home/sarris/ros2_myproject/install/my_package/share/my_package/environment/path.sh
[0.636s] -- Up-to-date: /home/sarris/ros2_myproject/install/my_package/share/my_package/environment/path.dsv
[0.636s] -- Up-to-date: /home/sarris/ros2_myproject/install/my_package/share/my_package/local_setup.bash
[0.636s] -- Up-to-date: /home/sarris/ros2_myproject/install/my_package/share/my_package/local_setup.sh
[0.636s] -- Up-to-date: /home/sarris/ros2_myproject/install/my_package/share/my_package/local_setup.zsh
[0.636s] -- Up-to-date: /home/sarris/ros2_myproject/install/my_package/share/my_package/local_setup.dsv
[0.636s] -- Installing: /home/sarris/ros2_myproject/install/my_package/share/my_package/package.dsv
[0.636s] -- Up-to-date: /home/sarris/ros2_myproject/install/my_package/share/ament_index/resource_index/packages/my_package
[0.636s] -- Up-to-date: /home/sarris/ros2_myproject/install/my_package/share/my_package/cmake/ament_cmake_export_libraries-extras.cmake
[0.636s] -- Up-to-date: /home/sarris/ros2_myproject/install/my_package/share/my_package/cmake/ament_cmake_export_dependencies-extras.cmake
[0.637s] -- Up-to-date: /home/sarris/ros2_myproject/install/my_package/share/my_package/cmake/my_packageConfig.cmake
[0.637s] -- Up-to-date: /home/sarris/ros2_myproject/install/my_package/share/my_package/cmake/my_packageConfig-version.cmake
[0.637s] -- Up-to-date: /home/sarris/ros2_myproject/install/my_package/share/my_package/package.xml
[0.639s] Invoked command in '/home/sarris/ros2_myproject/build/my_package' returned '0': CMAKE_PREFIX_PATH=/opt/ros/humble /usr/bin/cmake --install /home/sarris/ros2_myproject/build/my_package
