-- Found ament_cmake: 1.3.12 (/opt/ros/humble/share/ament_cmake/cmake)
-- Found rclcpp: 16.0.17 (/opt/ros/humble/share/rclcpp/cmake)
-- Found rosidl_generator_c: 3.1.8 (/opt/ros/humble/share/rosidl_generator_c/cmake)
-- Found rosidl_adapter: 3.1.8 (/opt/ros/humble/share/rosidl_adapter/cmake)
-- Found rosidl_generator_cpp: 3.1.8 (/opt/ros/humble/share/rosidl_generator_cpp/cmake)
-- Using all available rosidl_typesupport_c: rosidl_typesupport_fastrtps_c;rosidl_typesupport_introspection_c
-- Using all available rosidl_typesupport_cpp: rosidl_typesupport_fastrtps_cpp;rosidl_typesupport_introspection_cpp
-- Found rmw_implementation_cmake: 6.1.2 (/opt/ros/humble/share/rmw_implementation_cmake/cmake)
-- Found rmw_fastrtps_cpp: 6.2.9 (/opt/ros/humble/share/rmw_fastrtps_cpp/cmake)
-- Using RMW implementation 'rmw_fastrtps_cpp' as default
-- Found pluginlib: 5.1.3 (/opt/ros/humble/share/pluginlib/cmake)
-- Configuring done
-- Generating done
-- Build files have been written to: /home/sarris/ros2_myproject/build/my_package
[35m[1mConsolidate compiler generated dependencies of target points_node[0m
[35m[1mConsolidate compiler generated dependencies of target point_plugins_lib[0m
[ 60%] Built target point_plugins_lib
[100%] Built target points_node
-- Install configuration: ""
-- Up-to-date: /home/sarris/ros2_myproject/install/my_package/lib/my_package/points_node
-- Up-to-date: /home/sarris/ros2_myproject/install/my_package/lib/my_package/libpoint_plugins_lib.so
-- Up-to-date: /home/sarris/ros2_myproject/install/my_package/include
-- Up-to-date: /home/sarris/ros2_myproject/install/my_package/include/Geometry
-- Up-to-date: /home/sarris/ros2_myproject/install/my_package/include/Geometry/Point.hpp
-- Up-to-date: /home/sarris/ros2_myproject/install/my_package/share/my_package/plugins.xml
-- Up-to-date: /home/sarris/ros2_myproject/install/my_package/share/my_package/environment/library_path.sh
-- Installing: /home/sarris/ros2_myproject/install/my_package/share/my_package/environment/library_path.dsv
-- Up-to-date: /home/sarris/ros2_myproject/install/my_package/share/my_package/plugins.xml
-- Up-to-date: /home/sarris/ros2_myproject/install/my_package/share/ament_index/resource_index/package_run_dependencies/my_package
-- Installing: /home/sarris/ros2_myproject/install/my_package/share/ament_index/resource_index/parent_prefix_path/my_package
-- Up-to-date: /home/sarris/ros2_myproject/install/my_package/share/my_package/environment/ament_prefix_path.sh
-- Installing: /home/sarris/ros2_myproject/install/my_package/share/my_package/environment/ament_prefix_path.dsv
-- Up-to-date: /home/sarris/ros2_myproject/install/my_package/share/my_package/environment/path.sh
-- Installing: /home/sarris/ros2_myproject/install/my_package/share/my_package/environment/path.dsv
-- Up-to-date: /home/sarris/ros2_myproject/install/my_package/share/my_package/local_setup.bash
-- Up-to-date: /home/sarris/ros2_myproject/install/my_package/share/my_package/local_setup.sh
-- Up-to-date: /home/sarris/ros2_myproject/install/my_package/share/my_package/local_setup.zsh
-- Installing: /home/sarris/ros2_myproject/install/my_package/share/my_package/local_setup.dsv
-- Installing: /home/sarris/ros2_myproject/install/my_package/share/my_package/package.dsv
-- Up-to-date: /home/sarris/ros2_myproject/install/my_package/share/ament_index/resource_index/packages/my_package
-- Installing: /home/sarris/ros2_myproject/install/my_package/share/ament_index/resource_index/my_package__pluginlib__plugin/my_package
-- Up-to-date: /home/sarris/ros2_myproject/install/my_package/share/my_package/cmake/ament_cmake_export_libraries-extras.cmake
-- Up-to-date: /home/sarris/ros2_myproject/install/my_package/share/my_package/cmake/ament_cmake_export_dependencies-extras.cmake
-- Up-to-date: /home/sarris/ros2_myproject/install/my_package/share/my_package/cmake/my_packageConfig.cmake
-- Up-to-date: /home/sarris/ros2_myproject/install/my_package/share/my_package/cmake/my_packageConfig-version.cmake
-- Up-to-date: /home/sarris/ros2_myproject/install/my_package/share/my_package/package.xml
