[0.007s] Invoking command in '/home/sarris/ros2_myproject/build/my_package': CMAKE_PREFIX_PATH=${CMAKE_PREFIX_PATH}:/opt/ros/humble /usr/bin/cmake --build /home/sarris/ros2_myproject/build/my_package -- -j12 -l12
[0.031s] -- Found ament_cmake: 1.3.12 (/opt/ros/humble/share/ament_cmake/cmake)
[0.124s] -- Found rclcpp: 16.0.17 (/opt/ros/humble/share/rclcpp/cmake)
[0.143s] -- Found rosidl_generator_c: 3.1.8 (/opt/ros/humble/share/rosidl_generator_c/cmake)
[0.145s] -- Found rosidl_adapter: 3.1.8 (/opt/ros/humble/share/rosidl_adapter/cmake)
[0.148s] -- Found rosidl_generator_cpp: 3.1.8 (/opt/ros/humble/share/rosidl_generator_cpp/cmake)
[0.154s] -- Using all available rosidl_typesupport_c: rosidl_typesupport_fastrtps_c;rosidl_typesupport_introspection_c
[0.162s] -- Using all available rosidl_typesupport_cpp: rosidl_typesupport_fastrtps_cpp;rosidl_typesupport_introspection_cpp
[0.182s] -- Found rmw_implementation_cmake: 6.1.2 (/opt/ros/humble/share/rmw_implementation_cmake/cmake)
[0.183s] -- Found rmw_fastrtps_cpp: 6.2.9 (/opt/ros/humble/share/rmw_fastrtps_cpp/cmake)
[0.253s] -- Using RMW implementation 'rmw_fastrtps_cpp' as default
[0.284s] -- Found pluginlib: 5.1.3 (/opt/ros/humble/share/pluginlib/cmake)
[0.337s] -- Configuring done
[0.343s] -- Generating done
[0.346s] -- Build files have been written to: /home/sarris/ros2_myproject/build/my_package
[0.365s] [35m[1mConsolidate compiler generated dependencies of target points_node[0m
[0.365s] [35m[1mConsolidate compiler generated dependencies of target point_plugins_lib[0m
[0.380s] [ 60%] Built target point_plugins_lib
[0.381s] [100%] Built target points_node
[0.396s] Invoked command in '/home/sarris/ros2_myproject/build/my_package' returned '0': CMAKE_PREFIX_PATH=${CMAKE_PREFIX_PATH}:/opt/ros/humble /usr/bin/cmake --build /home/sarris/ros2_myproject/build/my_package -- -j12 -l12
[0.410s] Invoking command in '/home/sarris/ros2_myproject/build/my_package': CMAKE_PREFIX_PATH=${CMAKE_PREFIX_PATH}:/opt/ros/humble /usr/bin/cmake --install /home/sarris/ros2_myproject/build/my_package
[0.416s] -- Install configuration: ""
[0.416s] -- Up-to-date: /home/sarris/ros2_myproject/install/my_package/lib/my_package/points_node
[0.416s] -- Up-to-date: /home/sarris/ros2_myproject/install/my_package/lib/my_package/libpoint_plugins_lib.so
[0.416s] -- Up-to-date: /home/sarris/ros2_myproject/install/my_package/include
[0.417s] -- Up-to-date: /home/sarris/ros2_myproject/install/my_package/include/Geometry
[0.417s] -- Up-to-date: /home/sarris/ros2_myproject/install/my_package/include/Geometry/Point.hpp
[0.417s] -- Up-to-date: /home/sarris/ros2_myproject/install/my_package/share/my_package/plugins.xml
[0.417s] -- Up-to-date: /home/sarris/ros2_myproject/install/my_package/share/my_package/environment/library_path.sh
[0.417s] -- Installing: /home/sarris/ros2_myproject/install/my_package/share/my_package/environment/library_path.dsv
[0.417s] -- Up-to-date: /home/sarris/ros2_myproject/install/my_package/share/my_package/plugins.xml
[0.417s] -- Up-to-date: /home/sarris/ros2_myproject/install/my_package/share/ament_index/resource_index/package_run_dependencies/my_package
[0.417s] -- Installing: /home/sarris/ros2_myproject/install/my_package/share/ament_index/resource_index/parent_prefix_path/my_package
[0.417s] -- Up-to-date: /home/sarris/ros2_myproject/install/my_package/share/my_package/environment/ament_prefix_path.sh
[0.417s] -- Installing: /home/sarris/ros2_myproject/install/my_package/share/my_package/environment/ament_prefix_path.dsv
[0.417s] -- Up-to-date: /home/sarris/ros2_myproject/install/my_package/share/my_package/environment/path.sh
[0.417s] -- Installing: /home/sarris/ros2_myproject/install/my_package/share/my_package/environment/path.dsv
[0.417s] -- Up-to-date: /home/sarris/ros2_myproject/install/my_package/share/my_package/local_setup.bash
[0.417s] -- Up-to-date: /home/sarris/ros2_myproject/install/my_package/share/my_package/local_setup.sh
[0.417s] -- Up-to-date: /home/sarris/ros2_myproject/install/my_package/share/my_package/local_setup.zsh
[0.417s] -- Installing: /home/sarris/ros2_myproject/install/my_package/share/my_package/local_setup.dsv
[0.417s] -- Installing: /home/sarris/ros2_myproject/install/my_package/share/my_package/package.dsv
[0.417s] -- Up-to-date: /home/sarris/ros2_myproject/install/my_package/share/ament_index/resource_index/packages/my_package
[0.417s] -- Installing: /home/sarris/ros2_myproject/install/my_package/share/ament_index/resource_index/my_package__pluginlib__plugin/my_package
[0.417s] -- Up-to-date: /home/sarris/ros2_myproject/install/my_package/share/my_package/cmake/ament_cmake_export_libraries-extras.cmake
[0.417s] -- Up-to-date: /home/sarris/ros2_myproject/install/my_package/share/my_package/cmake/ament_cmake_export_dependencies-extras.cmake
[0.418s] -- Up-to-date: /home/sarris/ros2_myproject/install/my_package/share/my_package/cmake/my_packageConfig.cmake
[0.418s] -- Up-to-date: /home/sarris/ros2_myproject/install/my_package/share/my_package/cmake/my_packageConfig-version.cmake
[0.418s] -- Up-to-date: /home/sarris/ros2_myproject/install/my_package/share/my_package/package.xml
[0.419s] Invoked command in '/home/sarris/ros2_myproject/build/my_package' returned '0': CMAKE_PREFIX_PATH=${CMAKE_PREFIX_PATH}:/opt/ros/humble /usr/bin/cmake --install /home/sarris/ros2_myproject/build/my_package
